<?xml version="1.0" encoding="UTF-8"?>
<!-- Generated by org.testng.reporters.JUnitXMLReporter -->
<testsuite ignored="1" hostname="AMM-TSME-219JK6" failures="0" tests="1" name="doctorLogin" time="35.667" errors="0" timestamp="2024-07-29T08:46:35 EET">
  <testcase classname="careApp.setUpBeforeTest" name="@BeforeTest setUp" time="35.657">
    <failure type="org.openqa.selenium.SessionNotCreatedException" message="Could not start a new session. Response code 500. Message: An unknown server-side error occurred while processing the command. Original error: Cannot start the &amp;apos;ats.ksa.care.patient.dev&amp;apos; application. Visit https://github.com/appium/appium/blob/master/docs/en/writing-running-appium/android/activity-startup.md for troubleshooting. Original error: &amp;apos;com.ats.hospital.presenter.ui.activities.SplashActivity&amp;apos; or &amp;apos;ats.ksa.care.patient.dev.com.ats.hospital.presenter.ui.activities.SplashActivity&amp;apos; never started. Visit https://github.com/appium/appium/blob/master/docs/en/writing-running-appium/android/activity-startup.md for troubleshooting 
Host info: host: &amp;apos;AMM-TSME-219JK6&amp;apos;, ip: &amp;apos;192.168.100.200&amp;apos;
Build info: version: &amp;apos;4.22.0&amp;apos;, revision: &amp;apos;c5f3146703*&amp;apos;
System info: os.name: &amp;apos;Windows 11&amp;apos;, os.arch: &amp;apos;amd64&amp;apos;, os.version: &amp;apos;10.0&amp;apos;, java.version: &amp;apos;22.0.1&amp;apos;
Driver info: io.appium.java_client.android.AndroidDriver
Command: [null, newSession {desiredCapabilities=Capabilities {appium:app: C:\Users\MohammadAlkeswani\..., appium:connectHardwareKeyboard: true, appium:deviceName: MM, appium:newCommandTimeout: 3600, appium:platformName: Android}, capabilities=[{appium:newCommandTimeout=3600, appium:app=C:\Users\MohammadAlkeswani\eclipse-workspace\CareApplicationUsingAppium\src\careApp\Care.apk, appium:connectHardwareKeyboard=true, appium:platformName=Android, appium:deviceName=MM}]}]
Capabilities {appium:app: C:\Users\MohammadAlkeswani\..., appium:connectHardwareKeyboard: true, appium:deviceName: MM, appium:newCommandTimeout: 3600, appium:platformName: Android}">
      <![CDATA[org.openqa.selenium.SessionNotCreatedException: Could not start a new session. Response code 500. Message: An unknown server-side error occurred while processing the command. Original error: Cannot start the 'ats.ksa.care.patient.dev' application. Visit https://github.com/appium/appium/blob/master/docs/en/writing-running-appium/android/activity-startup.md for troubleshooting. Original error: 'com.ats.hospital.presenter.ui.activities.SplashActivity' or 'ats.ksa.care.patient.dev.com.ats.hospital.presenter.ui.activities.SplashActivity' never started. Visit https://github.com/appium/appium/blob/master/docs/en/writing-running-appium/android/activity-startup.md for troubleshooting 
Host info: host: 'AMM-TSME-219JK6', ip: '192.168.100.200'
Build info: version: '4.22.0', revision: 'c5f3146703*'
System info: os.name: 'Windows 11', os.arch: 'amd64', os.version: '10.0', java.version: '22.0.1'
Driver info: io.appium.java_client.android.AndroidDriver
Command: [null, newSession {desiredCapabilities=Capabilities {appium:app: C:\Users\MohammadAlkeswani\..., appium:connectHardwareKeyboard: true, appium:deviceName: MM, appium:newCommandTimeout: 3600, appium:platformName: Android}, capabilities=[{appium:newCommandTimeout=3600, appium:app=C:\Users\MohammadAlkeswani\eclipse-workspace\CareApplicationUsingAppium\src\careApp\Care.apk, appium:connectHardwareKeyboard=true, appium:platformName=Android, appium:deviceName=MM}]}]
Capabilities {appium:app: C:\Users\MohammadAlkeswani\..., appium:connectHardwareKeyboard: true, appium:deviceName: MM, appium:newCommandTimeout: 3600, appium:platformName: Android}
at org.openqa.selenium.remote.ProtocolHandshake.createSession(ProtocolHandshake.java:114)
at io.appium.java_client.remote.AppiumProtocolHandshake.createSession(AppiumProtocolHandshake.java:116)
at io.appium.java_client.remote.AppiumProtocolHandshake.createSession(AppiumProtocolHandshake.java:96)
at io.appium.java_client.remote.AppiumCommandExecutor.createSession(AppiumCommandExecutor.java:176)
at io.appium.java_client.remote.AppiumCommandExecutor.execute(AppiumCommandExecutor.java:237)
at org.openqa.selenium.remote.RemoteWebDriver.execute(RemoteWebDriver.java:518)
at io.appium.java_client.AppiumDriver.startSession(AppiumDriver.java:268)
at org.openqa.selenium.remote.RemoteWebDriver.<init>(RemoteWebDriver.java:161)
at io.appium.java_client.AppiumDriver.<init>(AppiumDriver.java:90)
at io.appium.java_client.AppiumDriver.<init>(AppiumDriver.java:102)
at io.appium.java_client.android.AndroidDriver.<init>(AndroidDriver.java:109)
at careApp.setUpBeforeTest.setUp(setUpBeforeTest.java:83)
... Removed 24 stack frames]]>
    </failure>
  </testcase> <!-- @BeforeTest setUp -->
  <testcase classname="careApp.doctorLogin" name="DoctorLogin" time="0.0">
    <skipped/>
  </testcase> <!-- DoctorLogin -->
  <testcase classname="careApp.setUpBeforeTest" name="@BeforeTest setUp" time="0.0">
    <ignored/>
  </testcase> <!-- @BeforeTest setUp -->
</testsuite> <!-- doctorLogin -->
