<?xml version="1.0" encoding="UTF-8"?>
<!-- Generated by org.testng.reporters.JUnitXMLReporter -->
<testsuite ignored="1" hostname="AMM-TSME-219JK6" failures="0" tests="1" name="resetPassword" time="53.164" errors="0" timestamp="2024-07-29T08:42:47 EET">
  <testcase classname="careApp.resetPassword" name="patientResetPassword" time="36.388"/>
  <testcase classname="careApp.setUpBeforeTest" name="@BeforeTest setUp" time="0.0">
    <ignored/>
  </testcase> <!-- @BeforeTest setUp -->
</testsuite> <!-- resetPassword -->
