<?xml version="1.0" encoding="UTF-8"?>
<!-- Generated by org.testng.reporters.JUnitXMLReporter -->
<testsuite ignored="1" hostname="AMM-TSME-219JK6" failures="0" tests="1" name="switchLanguage" time="79.546" errors="0" timestamp="2024-07-29T08:44:06 EET">
  <testcase classname="careApp.switchLanguage" name="changeLanguage" time="67.265"/>
  <testcase classname="careApp.setUpBeforeTest" name="@BeforeTest setUp" time="0.0">
    <ignored/>
  </testcase> <!-- @BeforeTest setUp -->
</testsuite> <!-- switchLanguage -->
