<?xml version="1.0" encoding="UTF-8"?>
<testng-results ignored="0" total="1" passed="1" failed="0" skipped="0">
  <reporter-output>
  </reporter-output>
  <suite started-at="2024-07-29T08:54:59 EET" name="Default suite" finished-at="2024-07-29T08:55:21 EET" duration-ms="21826">
    <groups>
    </groups>
    <test started-at="2024-07-29T08:54:59 EET" name="Default test" finished-at="2024-07-29T08:55:21 EET" duration-ms="21826">
      <class name="careApp.doctorInvalidLogin">
        <test-method is-config="true" signature="setUp()[pri:0, instance:careApp.doctorInvalidLogin@7c137fd5]" started-at="2024-07-29T08:54:59 EET" name="setUp" finished-at="2024-07-29T08:55:09 EET" duration-ms="10204" status="PASS">
          <reporter-output>
          </reporter-output>
        </test-method> <!-- setUp -->
        <test-method signature="doctorFillInvalidData()[pri:0, instance:careApp.doctorInvalidLogin@7c137fd5]" started-at="2024-07-29T08:55:09 EET" name="doctorFillInvalidData" finished-at="2024-07-29T08:55:21 EET" duration-ms="11578" status="PASS">
          <reporter-output>
          </reporter-output>
        </test-method> <!-- doctorFillInvalidData -->
      </class> <!-- careApp.doctorInvalidLogin -->
    </test> <!-- Default test -->
  </suite> <!-- Default suite -->
</testng-results>
